30-08-2021;20:51:54 INFO org.springframework.boot.StartupInfoLogger Starting DanMsBlogApplication using Java 11.0.10 on Julians-MacBook-Pro.local with PID 23344 (/Users/juliansanchez/Projects/dan-ms-blog/target/classes started by juliansanchez in /Users/juliansanchez/Projects/dan-ms-blog)
30-08-2021;20:51:54 INFO org.springframework.boot.SpringApplication No active profile set, falling back to default profiles: default
30-08-2021;20:52:00 WARN org.springframework.boot.autoconfigure.orm.jpa.JpaBaseConfiguration$JpaWebConfiguration spring.jpa.open-in-view is enabled by default. Therefore, database queries may be performed during view rendering. Explicitly configure spring.jpa.open-in-view to disable this warning
30-08-2021;20:52:01 WARN org.springframework.cloud.loadbalancer.config.LoadBalancerCacheAutoConfiguration$LoadBalancerCaffeineWarnLogger Spring Cloud LoadBalancer is currently working with the default cache. You can switch to using Caffeine cache, by adding it and org.springframework.cache.caffeine.CaffeineCacheManager to the classpath.
30-08-2021;20:52:02 INFO org.springframework.boot.StartupInfoLogger Started DanMsBlogApplication in 9.395 seconds (JVM running for 10.746)
30-08-2021;21:07:08 INFO org.springframework.boot.StartupInfoLogger Starting DanMsBlogApplication using Java 11.0.10 on Julians-MacBook-Pro.local with PID 23344 (/Users/juliansanchez/Projects/dan-ms-blog/target/classes started by juliansanchez in /Users/juliansanchez/Projects/dan-ms-blog)
30-08-2021;21:07:08 INFO org.springframework.boot.SpringApplication No active profile set, falling back to default profiles: default
30-08-2021;21:07:10 WARN org.springframework.boot.autoconfigure.orm.jpa.JpaBaseConfiguration$JpaWebConfiguration spring.jpa.open-in-view is enabled by default. Therefore, database queries may be performed during view rendering. Explicitly configure spring.jpa.open-in-view to disable this warning
30-08-2021;21:07:11 WARN org.springframework.cloud.loadbalancer.config.LoadBalancerCacheAutoConfiguration$LoadBalancerCaffeineWarnLogger Spring Cloud LoadBalancer is currently working with the default cache. You can switch to using Caffeine cache, by adding it and org.springframework.cache.caffeine.CaffeineCacheManager to the classpath.
30-08-2021;21:07:11 INFO org.springframework.boot.StartupInfoLogger Started DanMsBlogApplication in 2.873 seconds (JVM running for 919.525)
30-08-2021;21:07:56 INFO utn.isi.dan.blog.danmsblog.aspect.LogAspect class utn.isi.dan.blog.danmsblog.service.implement.ArticuloServiceImp	<Before> Metodo: publicarCalificacion	CantArgs: [utn.isi.dan.blog.danmsblog.mapstruct.dto.CalificacionDto@2d9e1e68]
30-08-2021;21:07:56 INFO utn.isi.dan.blog.danmsblog.aspect.LogAspect class com.sun.proxy.$Proxy179	<Before> Metodo: existsById	CantArgs: [0]
30-08-2021;21:07:56 INFO utn.isi.dan.blog.danmsblog.aspect.LogAspect class com.sun.proxy.$Proxy179	<After> Metodo: existsById	CantArgs: [0]
30-08-2021;21:07:56 INFO utn.isi.dan.blog.danmsblog.aspect.LogAspect class utn.isi.dan.blog.danmsblog.service.implement.ArticuloServiceImp	<After> Metodo: publicarCalificacion	CantArgs: [utn.isi.dan.blog.danmsblog.mapstruct.dto.CalificacionDto@2d9e1e68]
30-08-2021;21:07:56 WARN org.springframework.web.servlet.handler.AbstractHandlerExceptionResolver Resolved [utn.isi.dan.blog.danmsblog.exception.ArticuloNotFoundException: Articulo no encontrado]
30-08-2021;21:13:32 INFO org.springframework.boot.StartupInfoLogger Starting DanMsBlogApplication using Java 11.0.10 on Julians-MacBook-Pro.local with PID 23344 (/Users/juliansanchez/Projects/dan-ms-blog/target/classes started by juliansanchez in /Users/juliansanchez/Projects/dan-ms-blog)
30-08-2021;21:13:32 INFO org.springframework.boot.SpringApplication No active profile set, falling back to default profiles: default
30-08-2021;21:13:33 WARN org.springframework.boot.autoconfigure.orm.jpa.JpaBaseConfiguration$JpaWebConfiguration spring.jpa.open-in-view is enabled by default. Therefore, database queries may be performed during view rendering. Explicitly configure spring.jpa.open-in-view to disable this warning
30-08-2021;21:13:33 WARN org.springframework.cloud.loadbalancer.config.LoadBalancerCacheAutoConfiguration$LoadBalancerCaffeineWarnLogger Spring Cloud LoadBalancer is currently working with the default cache. You can switch to using Caffeine cache, by adding it and org.springframework.cache.caffeine.CaffeineCacheManager to the classpath.
30-08-2021;21:13:34 INFO org.springframework.boot.StartupInfoLogger Started DanMsBlogApplication in 2.074 seconds (JVM running for 1302.029)
30-08-2021;21:13:38 INFO org.springframework.boot.StartupInfoLogger Starting DanMsBlogApplication using Java 11.0.10 on Julians-MacBook-Pro.local with PID 23344 (/Users/juliansanchez/Projects/dan-ms-blog/target/classes started by juliansanchez in /Users/juliansanchez/Projects/dan-ms-blog)
30-08-2021;21:13:38 INFO org.springframework.boot.SpringApplication No active profile set, falling back to default profiles: default
30-08-2021;21:13:39 WARN org.springframework.boot.autoconfigure.orm.jpa.JpaBaseConfiguration$JpaWebConfiguration spring.jpa.open-in-view is enabled by default. Therefore, database queries may be performed during view rendering. Explicitly configure spring.jpa.open-in-view to disable this warning
30-08-2021;21:13:39 WARN org.springframework.cloud.loadbalancer.config.LoadBalancerCacheAutoConfiguration$LoadBalancerCaffeineWarnLogger Spring Cloud LoadBalancer is currently working with the default cache. You can switch to using Caffeine cache, by adding it and org.springframework.cache.caffeine.CaffeineCacheManager to the classpath.
30-08-2021;21:13:40 INFO org.springframework.boot.StartupInfoLogger Started DanMsBlogApplication in 1.766 seconds (JVM running for 1308.146)
30-08-2021;21:14:01 INFO org.springframework.boot.StartupInfoLogger Starting DanMsBlogApplication using Java 11.0.10 on Julians-MacBook-Pro.local with PID 23344 (/Users/juliansanchez/Projects/dan-ms-blog/target/classes started by juliansanchez in /Users/juliansanchez/Projects/dan-ms-blog)
30-08-2021;21:14:01 INFO org.springframework.boot.SpringApplication No active profile set, falling back to default profiles: default
30-08-2021;21:14:02 WARN org.springframework.boot.autoconfigure.orm.jpa.JpaBaseConfiguration$JpaWebConfiguration spring.jpa.open-in-view is enabled by default. Therefore, database queries may be performed during view rendering. Explicitly configure spring.jpa.open-in-view to disable this warning
30-08-2021;21:14:02 WARN org.springframework.cloud.loadbalancer.config.LoadBalancerCacheAutoConfiguration$LoadBalancerCaffeineWarnLogger Spring Cloud LoadBalancer is currently working with the default cache. You can switch to using Caffeine cache, by adding it and org.springframework.cache.caffeine.CaffeineCacheManager to the classpath.
30-08-2021;21:14:03 INFO org.springframework.boot.StartupInfoLogger Started DanMsBlogApplication in 1.87 seconds (JVM running for 1331.082)
30-08-2021;21:18:34 WARN com.netflix.discovery.TimedSupervisorTask task supervisor shutting down, can't accept the task
30-08-2021;21:18:34 INFO org.springframework.boot.StartupInfoLogger Starting DanMsBlogApplication using Java 11.0.10 on Julians-MacBook-Pro.local with PID 23344 (/Users/juliansanchez/Projects/dan-ms-blog/target/classes started by juliansanchez in /Users/juliansanchez/Projects/dan-ms-blog)
30-08-2021;21:18:34 INFO org.springframework.boot.SpringApplication No active profile set, falling back to default profiles: default
30-08-2021;21:18:36 WARN org.springframework.boot.autoconfigure.orm.jpa.JpaBaseConfiguration$JpaWebConfiguration spring.jpa.open-in-view is enabled by default. Therefore, database queries may be performed during view rendering. Explicitly configure spring.jpa.open-in-view to disable this warning
30-08-2021;21:18:36 WARN org.springframework.cloud.loadbalancer.config.LoadBalancerCacheAutoConfiguration$LoadBalancerCaffeineWarnLogger Spring Cloud LoadBalancer is currently working with the default cache. You can switch to using Caffeine cache, by adding it and org.springframework.cache.caffeine.CaffeineCacheManager to the classpath.
30-08-2021;21:18:36 INFO org.springframework.boot.StartupInfoLogger Started DanMsBlogApplication in 2.147 seconds (JVM running for 1604.723)
30-08-2021;21:18:38 INFO org.springframework.boot.StartupInfoLogger Starting DanMsBlogApplication using Java 11.0.10 on Julians-MacBook-Pro.local with PID 23344 (/Users/juliansanchez/Projects/dan-ms-blog/target/classes started by juliansanchez in /Users/juliansanchez/Projects/dan-ms-blog)
30-08-2021;21:18:38 INFO org.springframework.boot.SpringApplication No active profile set, falling back to default profiles: default
30-08-2021;21:18:39 WARN org.springframework.boot.autoconfigure.orm.jpa.JpaBaseConfiguration$JpaWebConfiguration spring.jpa.open-in-view is enabled by default. Therefore, database queries may be performed during view rendering. Explicitly configure spring.jpa.open-in-view to disable this warning
30-08-2021;21:18:40 WARN org.springframework.cloud.loadbalancer.config.LoadBalancerCacheAutoConfiguration$LoadBalancerCaffeineWarnLogger Spring Cloud LoadBalancer is currently working with the default cache. You can switch to using Caffeine cache, by adding it and org.springframework.cache.caffeine.CaffeineCacheManager to the classpath.
30-08-2021;21:18:40 INFO org.springframework.boot.StartupInfoLogger Started DanMsBlogApplication in 2.077 seconds (JVM running for 1608.255)
30-08-2021;21:19:39 INFO org.springframework.boot.StartupInfoLogger Starting DanMsBlogApplication using Java 11.0.10 on Julians-MacBook-Pro.local with PID 23344 (/Users/juliansanchez/Projects/dan-ms-blog/target/classes started by juliansanchez in /Users/juliansanchez/Projects/dan-ms-blog)
30-08-2021;21:19:39 INFO org.springframework.boot.SpringApplication No active profile set, falling back to default profiles: default
30-08-2021;21:19:40 WARN org.springframework.boot.autoconfigure.orm.jpa.JpaBaseConfiguration$JpaWebConfiguration spring.jpa.open-in-view is enabled by default. Therefore, database queries may be performed during view rendering. Explicitly configure spring.jpa.open-in-view to disable this warning
30-08-2021;21:19:41 WARN org.springframework.cloud.loadbalancer.config.LoadBalancerCacheAutoConfiguration$LoadBalancerCaffeineWarnLogger Spring Cloud LoadBalancer is currently working with the default cache. You can switch to using Caffeine cache, by adding it and org.springframework.cache.caffeine.CaffeineCacheManager to the classpath.
30-08-2021;21:19:41 INFO org.springframework.boot.StartupInfoLogger Started DanMsBlogApplication in 2.176 seconds (JVM running for 1669.72)
30-08-2021;21:19:46 INFO org.springframework.boot.StartupInfoLogger Starting DanMsBlogApplication using Java 11.0.10 on Julians-MacBook-Pro.local with PID 23344 (/Users/juliansanchez/Projects/dan-ms-blog/target/classes started by juliansanchez in /Users/juliansanchez/Projects/dan-ms-blog)
30-08-2021;21:19:46 INFO org.springframework.boot.SpringApplication No active profile set, falling back to default profiles: default
30-08-2021;21:19:47 WARN org.springframework.boot.autoconfigure.orm.jpa.JpaBaseConfiguration$JpaWebConfiguration spring.jpa.open-in-view is enabled by default. Therefore, database queries may be performed during view rendering. Explicitly configure spring.jpa.open-in-view to disable this warning
30-08-2021;21:19:47 WARN org.springframework.cloud.loadbalancer.config.LoadBalancerCacheAutoConfiguration$LoadBalancerCaffeineWarnLogger Spring Cloud LoadBalancer is currently working with the default cache. You can switch to using Caffeine cache, by adding it and org.springframework.cache.caffeine.CaffeineCacheManager to the classpath.
30-08-2021;21:19:48 INFO org.springframework.boot.StartupInfoLogger Started DanMsBlogApplication in 1.939 seconds (JVM running for 1676.079)
30-08-2021;21:24:26 INFO org.springframework.boot.StartupInfoLogger Starting DanMsBlogApplication using Java 11.0.10 on Julians-MacBook-Pro.local with PID 23344 (/Users/juliansanchez/Projects/dan-ms-blog/target/classes started by juliansanchez in /Users/juliansanchez/Projects/dan-ms-blog)
30-08-2021;21:24:26 INFO org.springframework.boot.SpringApplication No active profile set, falling back to default profiles: default
30-08-2021;21:24:27 WARN org.springframework.boot.autoconfigure.orm.jpa.JpaBaseConfiguration$JpaWebConfiguration spring.jpa.open-in-view is enabled by default. Therefore, database queries may be performed during view rendering. Explicitly configure spring.jpa.open-in-view to disable this warning
30-08-2021;21:24:28 WARN org.springframework.cloud.loadbalancer.config.LoadBalancerCacheAutoConfiguration$LoadBalancerCaffeineWarnLogger Spring Cloud LoadBalancer is currently working with the default cache. You can switch to using Caffeine cache, by adding it and org.springframework.cache.caffeine.CaffeineCacheManager to the classpath.
30-08-2021;21:24:28 INFO org.springframework.boot.StartupInfoLogger Started DanMsBlogApplication in 2.209 seconds (JVM running for 1956.469)
30-08-2021;21:24:32 INFO org.springframework.boot.StartupInfoLogger Starting DanMsBlogApplication using Java 11.0.10 on Julians-MacBook-Pro.local with PID 23344 (/Users/juliansanchez/Projects/dan-ms-blog/target/classes started by juliansanchez in /Users/juliansanchez/Projects/dan-ms-blog)
30-08-2021;21:24:32 INFO org.springframework.boot.SpringApplication No active profile set, falling back to default profiles: default
30-08-2021;21:24:34 WARN org.springframework.boot.autoconfigure.orm.jpa.JpaBaseConfiguration$JpaWebConfiguration spring.jpa.open-in-view is enabled by default. Therefore, database queries may be performed during view rendering. Explicitly configure spring.jpa.open-in-view to disable this warning
30-08-2021;21:24:34 WARN org.springframework.cloud.loadbalancer.config.LoadBalancerCacheAutoConfiguration$LoadBalancerCaffeineWarnLogger Spring Cloud LoadBalancer is currently working with the default cache. You can switch to using Caffeine cache, by adding it and org.springframework.cache.caffeine.CaffeineCacheManager to the classpath.
30-08-2021;21:24:34 INFO org.springframework.boot.StartupInfoLogger Started DanMsBlogApplication in 1.858 seconds (JVM running for 1962.757)
30-08-2021;21:27:34 INFO org.springframework.boot.StartupInfoLogger Starting DanMsBlogApplication using Java 11.0.10 on Julians-MacBook-Pro.local with PID 23344 (/Users/juliansanchez/Projects/dan-ms-blog/target/classes started by juliansanchez in /Users/juliansanchez/Projects/dan-ms-blog)
30-08-2021;21:27:34 INFO org.springframework.boot.SpringApplication No active profile set, falling back to default profiles: default
30-08-2021;21:27:35 WARN org.springframework.boot.autoconfigure.orm.jpa.JpaBaseConfiguration$JpaWebConfiguration spring.jpa.open-in-view is enabled by default. Therefore, database queries may be performed during view rendering. Explicitly configure spring.jpa.open-in-view to disable this warning
30-08-2021;21:27:36 WARN org.springframework.cloud.loadbalancer.config.LoadBalancerCacheAutoConfiguration$LoadBalancerCaffeineWarnLogger Spring Cloud LoadBalancer is currently working with the default cache. You can switch to using Caffeine cache, by adding it and org.springframework.cache.caffeine.CaffeineCacheManager to the classpath.
30-08-2021;21:27:36 INFO org.springframework.boot.StartupInfoLogger Started DanMsBlogApplication in 1.987 seconds (JVM running for 2144.306)
30-08-2021;21:29:18 INFO org.springframework.boot.StartupInfoLogger Starting DanMsBlogApplication using Java 11.0.10 on Julians-MacBook-Pro.local with PID 23344 (/Users/juliansanchez/Projects/dan-ms-blog/target/classes started by juliansanchez in /Users/juliansanchez/Projects/dan-ms-blog)
30-08-2021;21:29:18 INFO org.springframework.boot.SpringApplication No active profile set, falling back to default profiles: default
30-08-2021;21:29:19 WARN org.springframework.boot.autoconfigure.orm.jpa.JpaBaseConfiguration$JpaWebConfiguration spring.jpa.open-in-view is enabled by default. Therefore, database queries may be performed during view rendering. Explicitly configure spring.jpa.open-in-view to disable this warning
30-08-2021;21:29:20 WARN org.springframework.cloud.loadbalancer.config.LoadBalancerCacheAutoConfiguration$LoadBalancerCaffeineWarnLogger Spring Cloud LoadBalancer is currently working with the default cache. You can switch to using Caffeine cache, by adding it and org.springframework.cache.caffeine.CaffeineCacheManager to the classpath.
30-08-2021;21:29:20 INFO org.springframework.boot.StartupInfoLogger Started DanMsBlogApplication in 2.386 seconds (JVM running for 2248.472)
30-08-2021;21:31:01 INFO org.springframework.boot.StartupInfoLogger Starting DanMsBlogApplication using Java 11.0.10 on Julians-MacBook-Pro.local with PID 23344 (/Users/juliansanchez/Projects/dan-ms-blog/target/classes started by juliansanchez in /Users/juliansanchez/Projects/dan-ms-blog)
30-08-2021;21:31:01 INFO org.springframework.boot.SpringApplication No active profile set, falling back to default profiles: default
30-08-2021;21:31:03 WARN org.springframework.boot.autoconfigure.orm.jpa.JpaBaseConfiguration$JpaWebConfiguration spring.jpa.open-in-view is enabled by default. Therefore, database queries may be performed during view rendering. Explicitly configure spring.jpa.open-in-view to disable this warning
30-08-2021;21:31:03 WARN org.springframework.cloud.loadbalancer.config.LoadBalancerCacheAutoConfiguration$LoadBalancerCaffeineWarnLogger Spring Cloud LoadBalancer is currently working with the default cache. You can switch to using Caffeine cache, by adding it and org.springframework.cache.caffeine.CaffeineCacheManager to the classpath.
30-08-2021;21:31:03 INFO org.springframework.boot.StartupInfoLogger Started DanMsBlogApplication in 1.947 seconds (JVM running for 2351.62)
